A40926	3,0	A40926,glycopeptide,non-beta-lactam,arg
A47934	3,1	A47934,glycopeptide,non-beta-lactam,arg
BAL30072	3,2	BAL30072,monobactam,beta-lactam,arg
BPI	3,3	BPI,peptide,non-beta-lactam,arg
CBP C1-aminomethylene vancomycin	3,4	CBP C1-aminomethylene vancomycin,glycopeptide,non-beta-lactam,arg
G418	3,5	G418,aminoglycoside,non-beta-lactam,arg
GE37468	3,6	GE37468,elfamycin,non-beta-lactam,arg
L-681-217	3,7	L-681-217,elfamycin,non-beta-lactam,arg
LFF571	3,8	LFF571,elfamycin,non-beta-lactam,arg
SB22484	3,9	SB22484,elfamycin,non-beta-lactam,arg
UK-69-753	3,10	UK-69-753,elfamycin,non-beta-lactam,arg
acridine dye	2,0	acridine dye,non-beta-lactam,arg
acriflavine	3,11	acriflavine,acridine dye,non-beta-lactam,arg
actinomycin	3,12	actinomycin,peptide,non-beta-lactam,arg
amikacin	3,13	amikacin,aminoglycoside,non-beta-lactam,arg
aminocoumarin	2,1	aminocoumarin,non-beta-lactam,arg
aminoglycoside	2,2	aminoglycoside,non-beta-lactam,arg
amoxicillin	3,14	amoxicillin,penam,beta-lactam,arg
ampicillin	3,15	ampicillin,penam,beta-lactam,arg
amythiamicin	3,16	amythiamicin,elfamycin,non-beta-lactam,arg
apramycin	3,17	apramycin,aminoglycoside,non-beta-lactam,arg
arbekacin	3,18	arbekacin,aminoglycoside,non-beta-lactam,arg
arg	0,0	arg
arsphenamine	3,19	arsphenamine,organoarsenic,non-beta-lactam,arg
arylomycin	3,20	arylomycin,peptide,non-beta-lactam,arg
astromicin	3,21	astromicin,aminoglycoside,non-beta-lactam,arg
aurodox	3,22	aurodox,elfamycin,non-beta-lactam,arg
avoparcin	3,23	avoparcin,glycopeptide,non-beta-lactam,arg
azamulin	3,24	azamulin,pleuromutilin,non-beta-lactam,arg
azidamfenicol	3,25	azidamfenicol,phenicol,non-beta-lactam,arg
azimycin	3,26	azimycin,elfamycin,non-beta-lactam,arg
azithromycin	3,27	azithromycin,macrolide,non-beta-lactam,arg
azlocillin	3,28	azlocillin,penam,beta-lactam,arg
aztreonam	3,29	aztreonam,monobactam,beta-lactam,arg
bacitracin	3,30	bacitracin,peptide,non-beta-lactam,arg
balhimycin	3,31	balhimycin,glycopeptide,non-beta-lactam,arg
balofloxacin	3,32	balofloxacin,fluoroquinolone,non-beta-lactam,arg
bedaquiline	3,33	bedaquiline,diarylquinoline,non-beta-lactam,arg
benzalkonium chloride	3,34	benzalkonium chloride,without-drug-class,non-beta-lactam,arg
benzylpenicillin	3,35	benzylpenicillin,penam,beta-lactam,arg
beta-lactam	1,0	beta-lactam,arg
bicyclomycin	3,36	bicyclomycin,without-drug-class,non-beta-lactam,arg
bleomycin	3,37	bleomycin,glycopeptide,non-beta-lactam,arg
bleomycinic	3,38	bleomycinic,glycopeptide,non-beta-lactam,arg
brodimoprim	3,39	brodimoprim,diaminopyrimidine,non-beta-lactam,arg
butirosin	3,40	butirosin,aminoglycoside,non-beta-lactam,arg
capreomycin	3,41	capreomycin,aminoglycoside,non-beta-lactam,arg
carbapenem	2,3	carbapenem,beta-lactam,arg
carbenicillin	3,42	carbenicillin,penam,beta-lactam,arg
carbomycin	3,43	carbomycin,macrolide,non-beta-lactam,arg
cefaclor	3,44	cefaclor,cephalosporin,beta-lactam,arg
cefadroxil	3,45	cefadroxil,cephalosporin,beta-lactam,arg
cefalexin	3,46	cefalexin,cephalosporin,beta-lactam,arg
cefalotin	3,47	cefalotin,cephalosporin,beta-lactam,arg
cefamandole	3,48	cefamandole,cephalosporin,beta-lactam,arg
cefazolin	3,49	cefazolin,cephalosporin,beta-lactam,arg
cefdinir	3,50	cefdinir,cephalosporin,beta-lactam,arg
cefditoren	3,51	cefditoren,cephalosporin,beta-lactam,arg
cefepime	3,52	cefepime,cephalosporin,beta-lactam,arg
cefetamet	3,53	cefetamet,cephalosporin,beta-lactam,arg
cefiderocol	3,54	cefiderocol,cephalosporin,beta-lactam,arg
cefixime	3,55	cefixime,cephalosporin,beta-lactam,arg
cefmetazole	3,56	cefmetazole,cephamycin,beta-lactam,arg
cefonicid	3,57	cefonicid,cephalosporin,beta-lactam,arg
cefoperazone	3,58	cefoperazone,cephalosporin,beta-lactam,arg
cefotaxime	3,59	cefotaxime,cephalosporin,beta-lactam,arg
cefotetan	3,60	cefotetan,cephamycin,beta-lactam,arg
cefotiam	3,61	cefotiam,cephalosporin,beta-lactam,arg
cefoxitin	3,62	cefoxitin,cephamycin,beta-lactam,arg
cefpodoxime	3,63	cefpodoxime,cephalosporin,beta-lactam,arg
cefprozil	3,64	cefprozil,cephalosporin,beta-lactam,arg
cefradine	3,65	cefradine,cephalosporin,beta-lactam,arg
ceftaroline	3,66	ceftaroline,cephalosporin,beta-lactam,arg
ceftazidime	3,67	ceftazidime,cephalosporin,beta-lactam,arg
ceftibuten	3,68	ceftibuten,cephalosporin,beta-lactam,arg
ceftiofur	3,69	ceftiofur,cephalosporin,beta-lactam,arg
ceftizoxime	3,70	ceftizoxime,cephalosporin,beta-lactam,arg
ceftobiprole	3,71	ceftobiprole,cephalosporin,beta-lactam,arg
ceftolozane	3,72	ceftolozane,cephalosporin,beta-lactam,arg
ceftriaxone	3,73	ceftriaxone,cephalosporin,beta-lactam,arg
cefuroxime	3,74	cefuroxime,cephalosporin,beta-lactam,arg
celesticetin	3,75	celesticetin,lincosamide,non-beta-lactam,arg
cephaloridine	3,76	cephaloridine,cephalosporin,beta-lactam,arg
cephalosporin	2,4	cephalosporin,beta-lactam,arg
cephamycin	2,5	cephamycin,beta-lactam,arg
cephapirin	3,77	cephapirin,cephalosporin,beta-lactam,arg
chalcomycin	3,78	chalcomycin,macrolide,non-beta-lactam,arg
chloramphenicol	3,79	chloramphenicol,phenicol,non-beta-lactam,arg
chloroeremomycin	3,80	chloroeremomycin,glycopeptide,non-beta-lactam,arg
chlortetracycline	3,81	chlortetracycline,tetracycline,non-beta-lactam,arg
cinoxacin	3,82	cinoxacin,fluoroquinolone,non-beta-lactam,arg
ciprofloxacin	3,83	ciprofloxacin,fluoroquinolone,non-beta-lactam,arg
clarithromycin	3,84	clarithromycin,macrolide,non-beta-lactam,arg
clinafloxacin	3,85	clinafloxacin,fluoroquinolone,non-beta-lactam,arg
clindamycin	3,86	clindamycin,lincosamide,non-beta-lactam,arg
clofazimine	3,87	clofazimine,fluoroquinolone,non-beta-lactam,arg
clorobiocin	3,88	clorobiocin,aminocoumarin,non-beta-lactam,arg
cloxacillin	3,89	cloxacillin,penam,beta-lactam,arg
colistin	3,90	colistin,peptide,non-beta-lactam,arg
coumermycin	3,91	coumermycin,aminocoumarin,non-beta-lactam,arg
cycloserine	3,92	cycloserine,without-drug-class,non-beta-lactam,arg
dalbavancin	3,93	dalbavancin,glycopeptide,non-beta-lactam,arg
dalfopristin	3,94	dalfopristin,streptogramin,non-beta-lactam,arg
dapsone	3,95	dapsone,sulfone,non-beta-lactam,arg
daptomycin	3,96	daptomycin,peptide,non-beta-lactam,arg
defensin	3,97	defensin,peptide,non-beta-lactam,arg
delafloxacin	3,98	delafloxacin,fluoroquinolone,non-beta-lactam,arg
delamanid	3,99	delamanid,nitroimidazole,non-beta-lactam,arg
demeclocycline	3,100	demeclocycline,tetracycline,non-beta-lactam,arg
diaminopyrimidine	2,6	diaminopyrimidine,non-beta-lactam,arg
diarylquinoline	2,7	diarylquinoline,non-beta-lactam,arg
dibekacin	3,101	dibekacin,aminoglycoside,non-beta-lactam,arg
dicloxacillin	3,102	dicloxacillin,penam,beta-lactam,arg
dihydromocimycin	3,103	dihydromocimycin,elfamycin,non-beta-lactam,arg
dirithromycin	3,104	dirithromycin,macrolide,non-beta-lactam,arg
doripenem	3,105	doripenem,carbapenem,beta-lactam,arg
doxycycline	3,106	doxycycline,tetracycline,non-beta-lactam,arg
edeine	3,107	edeine,peptide,non-beta-lactam,arg
efrotomycin	3,108	efrotomycin,elfamycin,non-beta-lactam,arg
elfamycin	2,8	elfamycin,non-beta-lactam,arg
enacyloxin	3,109	enacyloxin,elfamycin,non-beta-lactam,arg
enoxacin	3,110	enoxacin,fluoroquinolone,non-beta-lactam,arg
eravacycline	3,111	eravacycline,tetracycline,non-beta-lactam,arg
eremomycin pyrrolidide	3,112	eremomycin pyrrolidide,glycopeptide,non-beta-lactam,arg
ertapenem	3,113	ertapenem,carbapenem,beta-lactam,arg
erythromycin	3,114	erythromycin,macrolide,non-beta-lactam,arg
ethambutol	3,115	ethambutol,polyamine,non-beta-lactam,arg
ethionamide	3,116	ethionamide,without-drug-class,non-beta-lactam,arg
factumycin	3,117	factumycin,elfamycin,non-beta-lactam,arg
faropenem	3,118	faropenem,penem,beta-lactam,arg
fidaxomicin	3,119	fidaxomicin,macrocyclic,non-beta-lactam,arg
fleroxacin	3,120	fleroxacin,fluoroquinolone,non-beta-lactam,arg
flomoxef	3,121	flomoxef,cephamycin,beta-lactam,arg
florfenicol	3,122	florfenicol,phenicol,non-beta-lactam,arg
flucloxacillin	3,123	flucloxacillin,penam,beta-lactam,arg
fluoroquinolone	2,9	fluoroquinolone,non-beta-lactam,arg
formicin	3,124	formicin,peptide,non-beta-lactam,arg
fosfomycin	3,125	fosfomycin,without-drug-class,non-beta-lactam,arg
fosmidomycin	3,126	fosmidomycin,without-drug-class,non-beta-lactam,arg
free fatty	2,10	free fatty,non-beta-lactam,arg
furazolidone	3,127	furazolidone,nitrofuran,non-beta-lactam,arg
fusidic	3,128	fusidic,without-drug-class,non-beta-lactam,arg
ganefromycin	3,129	ganefromycin,elfamycin,non-beta-lactam,arg
gatifloxacin	3,130	gatifloxacin,fluoroquinolone,non-beta-lactam,arg
gentamicin	3,131	gentamicin,aminoglycoside,non-beta-lactam,arg
glycopeptide	2,11	glycopeptide,non-beta-lactam,arg
glycylcycline	2,12	glycylcycline,non-beta-lactam,arg
gramicidin	3,132	gramicidin,peptide,non-beta-lactam,arg
grepafloxacin	3,133	grepafloxacin,fluoroquinolone,non-beta-lactam,arg
griseoviridin	3,134	griseoviridin,streptogramin,non-beta-lactam,arg
heneicomycin	3,135	heneicomycin,elfamycin,non-beta-lactam,arg
hygromycin	3,136	hygromycin,aminoglycoside,non-beta-lactam,arg
iclaprim	3,137	iclaprim,diaminopyrimidine,non-beta-lactam,arg
imipenem	3,138	imipenem,carbapenem,beta-lactam,arg
isepamicin	3,139	isepamicin,aminoglycoside,non-beta-lactam,arg
isoniazid	3,140	isoniazid,without-drug-class,non-beta-lactam,arg
isopenicillin	3,141	isopenicillin,penam,beta-lactam,arg
josamycin	3,142	josamycin,macrolide,non-beta-lactam,arg
kanamycin	3,143	kanamycin,aminoglycoside,non-beta-lactam,arg
kasugamycin	3,144	kasugamycin,aminoglycoside,non-beta-lactam,arg
kirromycin	3,145	kirromycin,elfamycin,non-beta-lactam,arg
kirrothricin	3,146	kirrothricin,elfamycin,non-beta-lactam,arg
kitasamycin	3,147	kitasamycin,macrolide,non-beta-lactam,arg
lassomycin	3,148	lassomycin,rifamycin,non-beta-lactam,arg
lefamulin	3,149	lefamulin,pleuromutilin,non-beta-lactam,arg
levofloxacin	3,150	levofloxacin,fluoroquinolone,non-beta-lactam,arg
lincomycin	3,151	lincomycin,lincosamide,non-beta-lactam,arg
lincosamide	2,13	lincosamide,non-beta-lactam,arg
linezolid	3,152	linezolid,oxazolidinone,non-beta-lactam,arg
linoleic	3,153	linoleic,free fatty,non-beta-lactam,arg
lividomycin	3,154	lividomycin,aminoglycoside,non-beta-lactam,arg
lomefloxacin	3,155	lomefloxacin,fluoroquinolone,non-beta-lactam,arg
loracarbef	3,156	loracarbef,cephalosporin,beta-lactam,arg
lugdunin	3,157	lugdunin,peptide,non-beta-lactam,arg
lysocin	3,158	lysocin,peptide,non-beta-lactam,arg
macrocyclic	2,14	macrocyclic,non-beta-lactam,arg
macrolide	2,15	macrolide,non-beta-lactam,arg
madumycin	3,159	madumycin,streptogramin,non-beta-lactam,arg
mafenide	3,160	mafenide,sulfonamide,non-beta-lactam,arg
magainin	3,161	magainin,peptide,non-beta-lactam,arg
malacidin	3,162	malacidin,peptide,non-beta-lactam,arg
mecillinam	3,163	mecillinam,penam,beta-lactam,arg
megalomycin	3,164	megalomycin,macrolide,non-beta-lactam,arg
meropenem	3,165	meropenem,carbapenem,beta-lactam,arg
methicillin	3,166	methicillin,penam,beta-lactam,arg
methymycin	3,167	methymycin,macrolide,non-beta-lactam,arg
metronidazole	3,168	metronidazole,nitroimidazole,non-beta-lactam,arg
mezlocillin	3,169	mezlocillin,penam,beta-lactam,arg
microcin	3,170	microcin,peptide,non-beta-lactam,arg
midecamycin	3,171	midecamycin,macrolide,non-beta-lactam,arg
minocycline	3,172	minocycline,tetracycline,non-beta-lactam,arg
moenomycin	3,173	moenomycin,peptide,non-beta-lactam,arg
monobactam	2,16	monobactam,beta-lactam,arg
moxalactam	3,174	moxalactam,cephalosporin,beta-lactam,arg
moxifloxacin	3,175	moxifloxacin,fluoroquinolone,non-beta-lactam,arg
mupirocin	3,176	mupirocin,without-drug-class,non-beta-lactam,arg
mycinamicin	3,177	mycinamicin,macrolide,non-beta-lactam,arg
nafcillin	3,178	nafcillin,penam,beta-lactam,arg
nalidixic	3,179	nalidixic,fluoroquinolone,non-beta-lactam,arg
narbomycin	3,180	narbomycin,macrolide,non-beta-lactam,arg
neomycin	3,181	neomycin,aminoglycoside,non-beta-lactam,arg
netilmicin	3,182	netilmicin,aminoglycoside,non-beta-lactam,arg
niddamycin	3,183	niddamycin,macrolide,non-beta-lactam,arg
nitrofuran	2,17	nitrofuran,non-beta-lactam,arg
nitrofurantoin	3,184	nitrofurantoin,nitrofuran,non-beta-lactam,arg
nitroimidazole	2,18	nitroimidazole,non-beta-lactam,arg
non-arg	0,1	non-arg
non-beta-lactam	1,1	non-beta-lactam,arg
norfloxacin	3,185	norfloxacin,fluoroquinolone,non-beta-lactam,arg
novobiocin	3,186	novobiocin,aminocoumarin,non-beta-lactam,arg
nucleoside	2,19	nucleoside,non-beta-lactam,arg
nybomycin	3,187	nybomycin,without-drug-class,non-beta-lactam,arg
ofloxacin	3,188	ofloxacin,fluoroquinolone,non-beta-lactam,arg
oleandomycin	3,189	oleandomycin,macrolide,non-beta-lactam,arg
oleic	3,190	oleic,free fatty,non-beta-lactam,arg
omadacycline	3,191	omadacycline,tetracycline,non-beta-lactam,arg
organoarsenic	2,20	organoarsenic,non-beta-lactam,arg
oritavancin	3,192	oritavancin,glycopeptide,non-beta-lactam,arg
ostreogrycin	3,193	ostreogrycin,streptogramin,non-beta-lactam,arg
oxacillin	3,194	oxacillin,penam,beta-lactam,arg
oxazolidinone	2,21	oxazolidinone,non-beta-lactam,arg
oxytetracycline	3,195	oxytetracycline,tetracycline,non-beta-lactam,arg
pactamycin	3,196	pactamycin,without-drug-class,non-beta-lactam,arg
palmitic	3,197	palmitic,free fatty,non-beta-lactam,arg
panipenem	3,198	panipenem,carbapenem,beta-lactam,arg
para-aminosalicylic	3,199	para-aminosalicylic,without-drug-class,non-beta-lactam,arg
paromomycin	3,200	paromomycin,aminoglycoside,non-beta-lactam,arg
patricin	3,201	patricin,streptogramin,non-beta-lactam,arg
pefloxacin	3,202	pefloxacin,fluoroquinolone,non-beta-lactam,arg
penam	2,22	penam,beta-lactam,arg
penem	2,23	penem,beta-lactam,arg
penicillin	3,203	penicillin,penam,beta-lactam,arg
peptide	2,24	peptide,non-beta-lactam,arg
phenelfamycin	3,204	phenelfamycin,elfamycin,non-beta-lactam,arg
phenicol	2,25	phenicol,non-beta-lactam,arg
phenoxymethylpenicillin	3,205	phenoxymethylpenicillin,penam,beta-lactam,arg
pikromycin	3,206	pikromycin,macrolide,non-beta-lactam,arg
piperacillin	3,207	piperacillin,penam,beta-lactam,arg
plazomicin	3,208	plazomicin,aminoglycoside,non-beta-lactam,arg
pleuromutilin	2,26	pleuromutilin,non-beta-lactam,arg
polyamine	2,27	polyamine,non-beta-lactam,arg
polymyxin	3,209	polymyxin,peptide,non-beta-lactam,arg
pristinamycin	3,210	pristinamycin,streptogramin,non-beta-lactam,arg
propicillin	3,211	propicillin,penam,beta-lactam,arg
prothionamide	3,212	prothionamide,without-drug-class,non-beta-lactam,arg
pulvomycin	3,213	pulvomycin,elfamycin,non-beta-lactam,arg
puromycin	3,214	puromycin,nucleoside,non-beta-lactam,arg
pyrazinamide	3,215	pyrazinamide,without-drug-class,non-beta-lactam,arg
quinupristin	3,216	quinupristin,streptogramin,non-beta-lactam,arg
ramoplanin	3,217	ramoplanin,peptide,non-beta-lactam,arg
retapamulin	3,218	retapamulin,pleuromutilin,non-beta-lactam,arg
rhodamine	3,219	rhodamine,without-drug-class,non-beta-lactam,arg
ribostamycin	3,220	ribostamycin,aminoglycoside,non-beta-lactam,arg
rifabutin	3,221	rifabutin,rifamycin,non-beta-lactam,arg
rifalazil	3,222	rifalazil,rifamycin,non-beta-lactam,arg
rifampin	3,223	rifampin,rifamycin,non-beta-lactam,arg
rifamycin	2,28	rifamycin,non-beta-lactam,arg
rifapentine	3,224	rifapentine,rifamycin,non-beta-lactam,arg
rifaximin	3,225	rifaximin,rifamycin,non-beta-lactam,arg
ristocetin	3,226	ristocetin,glycopeptide,non-beta-lactam,arg
rokitamycin	3,227	rokitamycin,macrolide,non-beta-lactam,arg
rosaramicin	3,228	rosaramicin,macrolide,non-beta-lactam,arg
roxithromycin	3,229	roxithromycin,macrolide,non-beta-lactam,arg
sisomicin	3,230	sisomicin,aminoglycoside,non-beta-lactam,arg
sitafloxacin	3,231	sitafloxacin,fluoroquinolone,non-beta-lactam,arg
solithromycin	3,232	solithromycin,macrolide,non-beta-lactam,arg
sparfloxacin	3,233	sparfloxacin,fluoroquinolone,non-beta-lactam,arg
spectinomycin	3,234	spectinomycin,aminoglycoside,non-beta-lactam,arg
spiramycin	3,235	spiramycin,macrolide,non-beta-lactam,arg
streptogramin	2,29	streptogramin,non-beta-lactam,arg
streptomycin	3,236	streptomycin,aminoglycoside,non-beta-lactam,arg
streptothricin	3,237	streptothricin,nucleoside,non-beta-lactam,arg
sulfacetamide	3,238	sulfacetamide,sulfonamide,non-beta-lactam,arg
sulfadiazine	3,239	sulfadiazine,sulfonamide,non-beta-lactam,arg
sulfadimidine	3,240	sulfadimidine,sulfonamide,non-beta-lactam,arg
sulfadoxine	3,241	sulfadoxine,sulfonamide,non-beta-lactam,arg
sulfamethizole	3,242	sulfamethizole,sulfonamide,non-beta-lactam,arg
sulfamethoxazole	3,243	sulfamethoxazole,sulfonamide,non-beta-lactam,arg
sulfasalazine	3,244	sulfasalazine,sulfonamide,non-beta-lactam,arg
sulfisoxazole	3,245	sulfisoxazole,sulfonamide,non-beta-lactam,arg
sulfonamide	2,30	sulfonamide,non-beta-lactam,arg
sulfone	2,31	sulfone,non-beta-lactam,arg
tebipenem	3,246	tebipenem,carbapenem,beta-lactam,arg
tedizolid	3,247	tedizolid,oxazolidinone,non-beta-lactam,arg
teicoplanin	3,248	teicoplanin,glycopeptide,non-beta-lactam,arg
teixobactin	3,249	teixobactin,peptide,non-beta-lactam,arg
telavancin	3,250	telavancin,glycopeptide,non-beta-lactam,arg
telithromycin	3,251	telithromycin,macrolide,non-beta-lactam,arg
temocillin	3,252	temocillin,penam,beta-lactam,arg
tetracycline	2,32	tetracycline,non-beta-lactam,arg
tetroxoprim	3,253	tetroxoprim,diaminopyrimidine,non-beta-lactam,arg
thiamphenicol	3,254	thiamphenicol,phenicol,non-beta-lactam,arg
thiostrepton	3,255	thiostrepton,peptide,non-beta-lactam,arg
thusin	3,256	thusin,peptide,non-beta-lactam,arg
tiamulin	3,257	tiamulin,pleuromutilin,non-beta-lactam,arg
ticarcillin	3,258	ticarcillin,penem,beta-lactam,arg
tigecycline	3,259	tigecycline,glycylcycline,non-beta-lactam,arg
tinidazole	3,260	tinidazole,nitroimidazole,non-beta-lactam,arg
tobramycin	3,261	tobramycin,aminoglycoside,non-beta-lactam,arg
tosufloxacin	3,262	tosufloxacin,fluoroquinolone,non-beta-lactam,arg
triclosan	3,263	triclosan,without-drug-class,non-beta-lactam,arg
trimethoprim	3,264	trimethoprim,diaminopyrimidine,non-beta-lactam,arg
trovafloxacin	3,265	trovafloxacin,fluoroquinolone,non-beta-lactam,arg
tuberactinomycin	3,266	tuberactinomycin,peptide,non-beta-lactam,arg
tunicamycin	3,267	tunicamycin,nucleoside,non-beta-lactam,arg
tylosin	3,268	tylosin,macrolide,non-beta-lactam,arg
unphenelfamycin	3,269	unphenelfamycin,elfamycin,non-beta-lactam,arg
valnemulin	3,270	valnemulin,pleuromutilin,non-beta-lactam,arg
vancomycin	3,271	vancomycin,glycopeptide,non-beta-lactam,arg
verdamicin	3,272	verdamicin,aminoglycoside,non-beta-lactam,arg
vernamycin	3,273	vernamycin,streptogramin,non-beta-lactam,arg
vertilimicin	3,274	vertilimicin,aminoglycoside,non-beta-lactam,arg
viomycin	3,275	viomycin,peptide,non-beta-lactam,arg
virginiamycin	3,276	virginiamycin,streptogramin,non-beta-lactam,arg
without-drug-class	2,33	without-drug-class,non-beta-lactam,arg
